  AnimationDemo.cpp
C:\Program Files (x86)\Windows Kits\10\Include\10.0.19041.0\cppwinrt\winrt\impl\Windows.Foundation.0.h(983,26): error C2039: 'wait_for': is not a member of 'winrt::impl'
C:\Program Files (x86)\Windows Kits\10\Include\10.0.19041.0\cppwinrt\winrt\impl\Windows.Foundation.0.h(103): message : see declaration of 'winrt::impl'
C:\Program Files (x86)\Windows Kits\10\Include\10.0.19041.0\cppwinrt\winrt\impl\Windows.Foundation.0.h(985): message : see reference to class template instantiation 'winrt::impl::consume_Windows_Foundation_IAsyncAction<D>' being compiled
C:\Program Files (x86)\Windows Kits\10\Include\10.0.19041.0\cppwinrt\winrt\impl\Windows.Foundation.0.h(1004,26): error C2039: 'wait_for': is not a member of 'winrt::impl'
C:\Program Files (x86)\Windows Kits\10\Include\10.0.19041.0\cppwinrt\winrt\impl\Windows.Foundation.0.h(103): message : see declaration of 'winrt::impl'
C:\Program Files (x86)\Windows Kits\10\Include\10.0.19041.0\cppwinrt\winrt\impl\Windows.Foundation.0.h(1006): message : see reference to class template instantiation 'winrt::impl::consume_Windows_Foundation_IAsyncActionWithProgress<D,TProgress>' being compiled
C:\Program Files (x86)\Windows Kits\10\Include\10.0.19041.0\cppwinrt\winrt\impl\Windows.Foundation.0.h(1038,26): error C2039: 'wait_for': is not a member of 'winrt::impl'
C:\Program Files (x86)\Windows Kits\10\Include\10.0.19041.0\cppwinrt\winrt\impl\Windows.Foundation.0.h(103): message : see declaration of 'winrt::impl'
C:\Program Files (x86)\Windows Kits\10\Include\10.0.19041.0\cppwinrt\winrt\impl\Windows.Foundation.0.h(1040): message : see reference to class template instantiation 'winrt::impl::consume_Windows_Foundation_IAsyncOperationWithProgress<D,TResult,TProgress>' being compiled
C:\Program Files (x86)\Windows Kits\10\Include\10.0.19041.0\cppwinrt\winrt\impl\Windows.Foundation.0.h(1057,26): error C2039: 'wait_for': is not a member of 'winrt::impl'
C:\Program Files (x86)\Windows Kits\10\Include\10.0.19041.0\cppwinrt\winrt\impl\Windows.Foundation.0.h(103): message : see declaration of 'winrt::impl'
C:\Program Files (x86)\Windows Kits\10\Include\10.0.19041.0\cppwinrt\winrt\impl\Windows.Foundation.0.h(1059): message : see reference to class template instantiation 'winrt::impl::consume_Windows_Foundation_IAsyncOperation<D,TResult>' being compiled
C:\Dev\Students\CH19\Jimmy.Flynn\Prog3\PPP\AnimationSystem\build\Framework\VertexDeclarations.inl(13,3): error C3861: 'ThrowIfFailed': identifier not found
C:\Dev\Students\CH19\Jimmy.Flynn\Prog3\PPP\AnimationSystem\build\Framework\VertexDeclarations.inl(13,16): message : 'ThrowIfFailed': function declaration must be available as none of the arguments depend on a template parameter
C:\Dev\Students\CH19\Jimmy.Flynn\Prog3\PPP\AnimationSystem\build\Framework\ContentManager.inl(29,12): error C2065: 'static_pointer_cast': undeclared identifier
C:\Dev\Students\CH19\Jimmy.Flynn\Prog3\PPP\AnimationSystem\build\Framework\ContentManager.inl(29): message : see reference to class template instantiation 'std::pair<const std::wstring,std::shared_ptr<Library::RTTI>>' being compiled
C:\Dev\Students\CH19\Jimmy.Flynn\Prog3\PPP\AnimationSystem\build\Framework\ContentManager.inl(29,12): error C3861: 'static_pointer_cast': identifier not found
C:\Dev\Students\CH19\Jimmy.Flynn\Prog3\PPP\AnimationSystem\build\Framework\ContentManager.h(29,22): message : This diagnostic occurred in the compiler generated function 'std::shared_ptr<_Ty> Library::ContentManager::Load(const std::wstring &,bool,std::function<std::shared_ptr<_Ty>(std::wstring &)>)'
C:\Dev\Students\CH19\Jimmy.Flynn\Prog3\PPP\AnimationSystem\build\Framework\ContentManager.inl(38,10): error C3861: 'static_pointer_cast': identifier not found
C:\Dev\Students\CH19\Jimmy.Flynn\Prog3\PPP\AnimationSystem\build\Framework\ContentManager.h(29,22): message : This diagnostic occurred in the compiler generated function 'std::shared_ptr<_Ty> Library::ContentManager::Load(const std::wstring &,bool,std::function<std::shared_ptr<_Ty>(std::wstring &)>)'
C:\Dev\Students\CH19\Jimmy.Flynn\Prog3\PPP\AnimationSystem\build\Framework\ContentManager.inl(38,10): error C2065: 'static_pointer_cast': undeclared identifier
C:\Dev\Students\CH19\Jimmy.Flynn\Prog3\PPP\AnimationSystem\build\Framework\ContentManager.h(29,22): message : This diagnostic occurred in the compiler generated function 'std::shared_ptr<_Ty> Library::ContentManager::Load(const std::wstring &,bool,std::function<std::shared_ptr<_Ty>(std::wstring &)>)'
